                                      1 ;--------------------------------------------------------
                                      2 ; File Created by SDCC : free open source ANSI-C Compiler
                                      3 ; Version 4.2.0 #13081 (Linux)
                                      4 ;--------------------------------------------------------
                                      5 	.module stm8l_tim4
                                      6 	.optsdcc -mstm8
                                      7 	
                                      8 ;--------------------------------------------------------
                                      9 ; Public variables in this module
                                     10 ;--------------------------------------------------------
                                     11 	.globl _TIM4_DeInit
                                     12 	.globl _TIM4_TimeBaseInit
                                     13 	.globl _TIM4_PrescalerConfig
                                     14 	.globl _TIM4_SetCounter
                                     15 	.globl _TIM4_SetAutoreload
                                     16 	.globl _TIM4_GetCounter
                                     17 	.globl _TIM4_GetPrescaler
                                     18 	.globl _TIM4_UpdateDisableConfig
                                     19 	.globl _TIM4_UpdateRequestConfig
                                     20 	.globl _TIM4_ARRPreloadConfig
                                     21 	.globl _TIM4_SelectOnePulseMode
                                     22 	.globl _TIM4_Cmd
                                     23 	.globl _TIM4_ITConfig
                                     24 	.globl _TIM4_GenerateEvent
                                     25 	.globl _TIM4_GetFlagStatus
                                     26 	.globl _TIM4_ClearFlag
                                     27 	.globl _TIM4_GetITStatus
                                     28 	.globl _TIM4_ClearITPendingBit
                                     29 	.globl _TIM4_DMACmd
                                     30 	.globl _TIM4_InternalClockConfig
                                     31 	.globl _TIM4_SelectInputTrigger
                                     32 	.globl _TIM4_SelectOutputTrigger
                                     33 	.globl _TIM4_SelectSlaveMode
                                     34 	.globl _TIM4_SelectMasterSlaveMode
                                     35 ;--------------------------------------------------------
                                     36 ; ram data
                                     37 ;--------------------------------------------------------
                                     38 	.area DATA
                                     39 ;--------------------------------------------------------
                                     40 ; ram data
                                     41 ;--------------------------------------------------------
                                     42 	.area INITIALIZED
                                     43 ;--------------------------------------------------------
                                     44 ; absolute external ram data
                                     45 ;--------------------------------------------------------
                                     46 	.area DABS (ABS)
                                     47 
                                     48 ; default segment ordering for linker
                                     49 	.area HOME
                                     50 	.area GSINIT
                                     51 	.area GSFINAL
                                     52 	.area CONST
                                     53 	.area INITIALIZER
                                     54 	.area CODE
                                     55 
                                     56 ;--------------------------------------------------------
                                     57 ; global & static initialisations
                                     58 ;--------------------------------------------------------
                                     59 	.area HOME
                                     60 	.area GSINIT
                                     61 	.area GSFINAL
                                     62 	.area GSINIT
                                     63 ;--------------------------------------------------------
                                     64 ; Home
                                     65 ;--------------------------------------------------------
                                     66 	.area HOME
                                     67 	.area HOME
                                     68 ;--------------------------------------------------------
                                     69 ; code
                                     70 ;--------------------------------------------------------
                                     71 	.area CODE
                                     72 ;	libs/stm8l_tim4.c: 130: void TIM4_DeInit(void)
                                     73 ;	-----------------------------------------
                                     74 ;	 function TIM4_DeInit
                                     75 ;	-----------------------------------------
      000000                         76 _TIM4_DeInit:
                                     77 ;	libs/stm8l_tim4.c: 132: TIM4->CR1   = TIM4_CR1_RESET_VALUE;
      000000 35 00 52 E0      [ 1]   78 	mov	0x52e0+0, #0x00
                                     79 ;	libs/stm8l_tim4.c: 133: TIM4->CR2   = TIM4_CR2_RESET_VALUE;
      000004 35 00 52 E1      [ 1]   80 	mov	0x52e1+0, #0x00
                                     81 ;	libs/stm8l_tim4.c: 134: TIM4->SMCR   = TIM4_SMCR_RESET_VALUE;
      000008 35 00 52 E2      [ 1]   82 	mov	0x52e2+0, #0x00
                                     83 ;	libs/stm8l_tim4.c: 135: TIM4->IER   = TIM4_IER_RESET_VALUE;
      00000C 35 00 52 E4      [ 1]   84 	mov	0x52e4+0, #0x00
                                     85 ;	libs/stm8l_tim4.c: 136: TIM4->CNTR   = TIM4_CNTR_RESET_VALUE;
      000010 35 00 52 E7      [ 1]   86 	mov	0x52e7+0, #0x00
                                     87 ;	libs/stm8l_tim4.c: 137: TIM4->PSCR  = TIM4_PSCR_RESET_VALUE;
      000014 35 00 52 E8      [ 1]   88 	mov	0x52e8+0, #0x00
                                     89 ;	libs/stm8l_tim4.c: 138: TIM4->ARR   = TIM4_ARR_RESET_VALUE;
      000018 35 FF 52 E9      [ 1]   90 	mov	0x52e9+0, #0xff
                                     91 ;	libs/stm8l_tim4.c: 139: TIM4->SR1   = TIM4_SR1_RESET_VALUE;
      00001C 35 00 52 E5      [ 1]   92 	mov	0x52e5+0, #0x00
                                     93 ;	libs/stm8l_tim4.c: 140: }
      000020 81               [ 4]   94 	ret
                                     95 ;	libs/stm8l_tim4.c: 165: void TIM4_TimeBaseInit(TIM4_Prescaler_TypeDef TIM4_Prescaler,
                                     96 ;	-----------------------------------------
                                     97 ;	 function TIM4_TimeBaseInit
                                     98 ;	-----------------------------------------
      000021                         99 _TIM4_TimeBaseInit:
                                    100 ;	libs/stm8l_tim4.c: 171: TIM4->ARR = (uint8_t)(TIM4_Period);
      000021 AE 52 E9         [ 2]  101 	ldw	x, #0x52e9
      000024 88               [ 1]  102 	push	a
      000025 7B 04            [ 1]  103 	ld	a, (0x04, sp)
      000027 F7               [ 1]  104 	ld	(x), a
      000028 84               [ 1]  105 	pop	a
                                    106 ;	libs/stm8l_tim4.c: 173: TIM4->PSCR = (uint8_t)(TIM4_Prescaler);
      000029 C7 52 E8         [ 1]  107 	ld	0x52e8, a
                                    108 ;	libs/stm8l_tim4.c: 176: TIM4->EGR = TIM4_EventSource_Update;
      00002C 35 01 52 E6      [ 1]  109 	mov	0x52e6+0, #0x01
                                    110 ;	libs/stm8l_tim4.c: 177: }
      000030 85               [ 2]  111 	popw	x
      000031 84               [ 1]  112 	pop	a
      000032 FC               [ 2]  113 	jp	(x)
                                    114 ;	libs/stm8l_tim4.c: 205: void TIM4_PrescalerConfig(TIM4_Prescaler_TypeDef Prescaler,
                                    115 ;	-----------------------------------------
                                    116 ;	 function TIM4_PrescalerConfig
                                    117 ;	-----------------------------------------
      000033                        118 _TIM4_PrescalerConfig:
                                    119 ;	libs/stm8l_tim4.c: 213: TIM4->PSCR = (uint8_t) Prescaler;
      000033 C7 52 E8         [ 1]  120 	ld	0x52e8, a
                                    121 ;	libs/stm8l_tim4.c: 218: TIM4->EGR |= TIM4_EGR_UG ;
      000036 C6 52 E6         [ 1]  122 	ld	a, 0x52e6
                                    123 ;	libs/stm8l_tim4.c: 216: if (TIM4_PSCReloadMode == TIM4_PSCReloadMode_Immediate)
      000039 88               [ 1]  124 	push	a
      00003A 7B 04            [ 1]  125 	ld	a, (0x04, sp)
      00003C 4A               [ 1]  126 	dec	a
      00003D 84               [ 1]  127 	pop	a
      00003E 26 07            [ 1]  128 	jrne	00102$
                                    129 ;	libs/stm8l_tim4.c: 218: TIM4->EGR |= TIM4_EGR_UG ;
      000040 AA 01            [ 1]  130 	or	a, #0x01
      000042 C7 52 E6         [ 1]  131 	ld	0x52e6, a
      000045 20 05            [ 2]  132 	jra	00104$
      000047                        133 00102$:
                                    134 ;	libs/stm8l_tim4.c: 222: TIM4->EGR &= (uint8_t)(~TIM4_EGR_UG) ;
      000047 A4 FE            [ 1]  135 	and	a, #0xfe
      000049 C7 52 E6         [ 1]  136 	ld	0x52e6, a
      00004C                        137 00104$:
                                    138 ;	libs/stm8l_tim4.c: 224: }
      00004C 85               [ 2]  139 	popw	x
      00004D 84               [ 1]  140 	pop	a
      00004E FC               [ 2]  141 	jp	(x)
                                    142 ;	libs/stm8l_tim4.c: 232: void TIM4_SetCounter(uint8_t Counter)
                                    143 ;	-----------------------------------------
                                    144 ;	 function TIM4_SetCounter
                                    145 ;	-----------------------------------------
      00004F                        146 _TIM4_SetCounter:
                                    147 ;	libs/stm8l_tim4.c: 235: TIM4->CNTR = (uint8_t)(Counter);
      00004F C7 52 E7         [ 1]  148 	ld	0x52e7, a
                                    149 ;	libs/stm8l_tim4.c: 236: }
      000052 81               [ 4]  150 	ret
                                    151 ;	libs/stm8l_tim4.c: 244: void TIM4_SetAutoreload(uint8_t Autoreload)
                                    152 ;	-----------------------------------------
                                    153 ;	 function TIM4_SetAutoreload
                                    154 ;	-----------------------------------------
      000053                        155 _TIM4_SetAutoreload:
                                    156 ;	libs/stm8l_tim4.c: 247: TIM4->ARR = (uint8_t)(Autoreload);
      000053 C7 52 E9         [ 1]  157 	ld	0x52e9, a
                                    158 ;	libs/stm8l_tim4.c: 248: }
      000056 81               [ 4]  159 	ret
                                    160 ;	libs/stm8l_tim4.c: 255: uint8_t TIM4_GetCounter(void)
                                    161 ;	-----------------------------------------
                                    162 ;	 function TIM4_GetCounter
                                    163 ;	-----------------------------------------
      000057                        164 _TIM4_GetCounter:
                                    165 ;	libs/stm8l_tim4.c: 258: tmpcntr = TIM4->CNTR;
      000057 C6 52 E7         [ 1]  166 	ld	a, 0x52e7
                                    167 ;	libs/stm8l_tim4.c: 260: return ((uint8_t)tmpcntr);
                                    168 ;	libs/stm8l_tim4.c: 261: }
      00005A 81               [ 4]  169 	ret
                                    170 ;	libs/stm8l_tim4.c: 284: TIM4_Prescaler_TypeDef TIM4_GetPrescaler(void)
                                    171 ;	-----------------------------------------
                                    172 ;	 function TIM4_GetPrescaler
                                    173 ;	-----------------------------------------
      00005B                        174 _TIM4_GetPrescaler:
                                    175 ;	libs/stm8l_tim4.c: 287: return ((TIM4_Prescaler_TypeDef)TIM4->PSCR);
      00005B C6 52 E8         [ 1]  176 	ld	a, 0x52e8
                                    177 ;	libs/stm8l_tim4.c: 288: }
      00005E 81               [ 4]  178 	ret
                                    179 ;	libs/stm8l_tim4.c: 296: void TIM4_UpdateDisableConfig(FunctionalState NewState)
                                    180 ;	-----------------------------------------
                                    181 ;	 function TIM4_UpdateDisableConfig
                                    182 ;	-----------------------------------------
      00005F                        183 _TIM4_UpdateDisableConfig:
      00005F 88               [ 1]  184 	push	a
      000060 6B 01            [ 1]  185 	ld	(0x01, sp), a
                                    186 ;	libs/stm8l_tim4.c: 304: TIM4->CR1 |= TIM4_CR1_UDIS ;
      000062 C6 52 E0         [ 1]  187 	ld	a, 0x52e0
                                    188 ;	libs/stm8l_tim4.c: 302: if (NewState != DISABLE)
      000065 0D 01            [ 1]  189 	tnz	(0x01, sp)
      000067 27 07            [ 1]  190 	jreq	00102$
                                    191 ;	libs/stm8l_tim4.c: 304: TIM4->CR1 |= TIM4_CR1_UDIS ;
      000069 AA 02            [ 1]  192 	or	a, #0x02
      00006B C7 52 E0         [ 1]  193 	ld	0x52e0, a
      00006E 20 05            [ 2]  194 	jra	00104$
      000070                        195 00102$:
                                    196 ;	libs/stm8l_tim4.c: 308: TIM4->CR1 &= (uint8_t)(~TIM4_CR1_UDIS) ;
      000070 A4 FD            [ 1]  197 	and	a, #0xfd
      000072 C7 52 E0         [ 1]  198 	ld	0x52e0, a
      000075                        199 00104$:
                                    200 ;	libs/stm8l_tim4.c: 310: }
      000075 84               [ 1]  201 	pop	a
      000076 81               [ 4]  202 	ret
                                    203 ;	libs/stm8l_tim4.c: 320: void TIM4_UpdateRequestConfig(TIM4_UpdateSource_TypeDef TIM4_UpdateSource)
                                    204 ;	-----------------------------------------
                                    205 ;	 function TIM4_UpdateRequestConfig
                                    206 ;	-----------------------------------------
      000077                        207 _TIM4_UpdateRequestConfig:
      000077 97               [ 1]  208 	ld	xl, a
                                    209 ;	libs/stm8l_tim4.c: 328: TIM4->CR1 |= TIM4_CR1_URS ;
      000078 C6 52 E0         [ 1]  210 	ld	a, 0x52e0
                                    211 ;	libs/stm8l_tim4.c: 326: if (TIM4_UpdateSource == TIM4_UpdateSource_Regular)
      00007B 88               [ 1]  212 	push	a
      00007C 9F               [ 1]  213 	ld	a, xl
      00007D 4A               [ 1]  214 	dec	a
      00007E 84               [ 1]  215 	pop	a
      00007F 26 06            [ 1]  216 	jrne	00102$
                                    217 ;	libs/stm8l_tim4.c: 328: TIM4->CR1 |= TIM4_CR1_URS ;
      000081 AA 04            [ 1]  218 	or	a, #0x04
      000083 C7 52 E0         [ 1]  219 	ld	0x52e0, a
      000086 81               [ 4]  220 	ret
      000087                        221 00102$:
                                    222 ;	libs/stm8l_tim4.c: 332: TIM4->CR1 &= (uint8_t)(~TIM4_CR1_URS) ;
      000087 A4 FB            [ 1]  223 	and	a, #0xfb
      000089 C7 52 E0         [ 1]  224 	ld	0x52e0, a
                                    225 ;	libs/stm8l_tim4.c: 334: }
      00008C 81               [ 4]  226 	ret
                                    227 ;	libs/stm8l_tim4.c: 342: void TIM4_ARRPreloadConfig(FunctionalState NewState)
                                    228 ;	-----------------------------------------
                                    229 ;	 function TIM4_ARRPreloadConfig
                                    230 ;	-----------------------------------------
      00008D                        231 _TIM4_ARRPreloadConfig:
      00008D 88               [ 1]  232 	push	a
      00008E 6B 01            [ 1]  233 	ld	(0x01, sp), a
                                    234 ;	libs/stm8l_tim4.c: 350: TIM4->CR1 |= TIM4_CR1_ARPE ;
      000090 C6 52 E0         [ 1]  235 	ld	a, 0x52e0
                                    236 ;	libs/stm8l_tim4.c: 348: if (NewState != DISABLE)
      000093 0D 01            [ 1]  237 	tnz	(0x01, sp)
      000095 27 07            [ 1]  238 	jreq	00102$
                                    239 ;	libs/stm8l_tim4.c: 350: TIM4->CR1 |= TIM4_CR1_ARPE ;
      000097 AA 80            [ 1]  240 	or	a, #0x80
      000099 C7 52 E0         [ 1]  241 	ld	0x52e0, a
      00009C 20 05            [ 2]  242 	jra	00104$
      00009E                        243 00102$:
                                    244 ;	libs/stm8l_tim4.c: 354: TIM4->CR1 &= (uint8_t)(~TIM4_CR1_ARPE) ;
      00009E A4 7F            [ 1]  245 	and	a, #0x7f
      0000A0 C7 52 E0         [ 1]  246 	ld	0x52e0, a
      0000A3                        247 00104$:
                                    248 ;	libs/stm8l_tim4.c: 356: }
      0000A3 84               [ 1]  249 	pop	a
      0000A4 81               [ 4]  250 	ret
                                    251 ;	libs/stm8l_tim4.c: 366: void TIM4_SelectOnePulseMode(TIM4_OPMode_TypeDef TIM4_OPMode)
                                    252 ;	-----------------------------------------
                                    253 ;	 function TIM4_SelectOnePulseMode
                                    254 ;	-----------------------------------------
      0000A5                        255 _TIM4_SelectOnePulseMode:
      0000A5 97               [ 1]  256 	ld	xl, a
                                    257 ;	libs/stm8l_tim4.c: 374: TIM4->CR1 |= TIM4_CR1_OPM ;
      0000A6 C6 52 E0         [ 1]  258 	ld	a, 0x52e0
                                    259 ;	libs/stm8l_tim4.c: 372: if (TIM4_OPMode == TIM4_OPMode_Single)
      0000A9 88               [ 1]  260 	push	a
      0000AA 9F               [ 1]  261 	ld	a, xl
      0000AB 4A               [ 1]  262 	dec	a
      0000AC 84               [ 1]  263 	pop	a
      0000AD 26 06            [ 1]  264 	jrne	00102$
                                    265 ;	libs/stm8l_tim4.c: 374: TIM4->CR1 |= TIM4_CR1_OPM ;
      0000AF AA 08            [ 1]  266 	or	a, #0x08
      0000B1 C7 52 E0         [ 1]  267 	ld	0x52e0, a
      0000B4 81               [ 4]  268 	ret
      0000B5                        269 00102$:
                                    270 ;	libs/stm8l_tim4.c: 378: TIM4->CR1 &= (uint8_t)(~TIM4_CR1_OPM) ;
      0000B5 A4 F7            [ 1]  271 	and	a, #0xf7
      0000B7 C7 52 E0         [ 1]  272 	ld	0x52e0, a
                                    273 ;	libs/stm8l_tim4.c: 380: }
      0000BA 81               [ 4]  274 	ret
                                    275 ;	libs/stm8l_tim4.c: 388: void TIM4_Cmd(FunctionalState NewState)
                                    276 ;	-----------------------------------------
                                    277 ;	 function TIM4_Cmd
                                    278 ;	-----------------------------------------
      0000BB                        279 _TIM4_Cmd:
      0000BB 88               [ 1]  280 	push	a
      0000BC 6B 01            [ 1]  281 	ld	(0x01, sp), a
                                    282 ;	libs/stm8l_tim4.c: 396: TIM4->CR1 |= TIM4_CR1_CEN ;
      0000BE C6 52 E0         [ 1]  283 	ld	a, 0x52e0
                                    284 ;	libs/stm8l_tim4.c: 394: if (NewState != DISABLE)
      0000C1 0D 01            [ 1]  285 	tnz	(0x01, sp)
      0000C3 27 07            [ 1]  286 	jreq	00102$
                                    287 ;	libs/stm8l_tim4.c: 396: TIM4->CR1 |= TIM4_CR1_CEN ;
      0000C5 AA 01            [ 1]  288 	or	a, #0x01
      0000C7 C7 52 E0         [ 1]  289 	ld	0x52e0, a
      0000CA 20 05            [ 2]  290 	jra	00104$
      0000CC                        291 00102$:
                                    292 ;	libs/stm8l_tim4.c: 400: TIM4->CR1 &= (uint8_t)(~TIM4_CR1_CEN) ;
      0000CC A4 FE            [ 1]  293 	and	a, #0xfe
      0000CE C7 52 E0         [ 1]  294 	ld	0x52e0, a
      0000D1                        295 00104$:
                                    296 ;	libs/stm8l_tim4.c: 402: }
      0000D1 84               [ 1]  297 	pop	a
      0000D2 81               [ 4]  298 	ret
                                    299 ;	libs/stm8l_tim4.c: 430: void TIM4_ITConfig(TIM4_IT_TypeDef TIM4_IT, FunctionalState NewState)
                                    300 ;	-----------------------------------------
                                    301 ;	 function TIM4_ITConfig
                                    302 ;	-----------------------------------------
      0000D3                        303 _TIM4_ITConfig:
      0000D3 88               [ 1]  304 	push	a
                                    305 ;	libs/stm8l_tim4.c: 439: TIM4->IER |= (uint8_t)TIM4_IT;
      0000D4 AE 52 E4         [ 2]  306 	ldw	x, #0x52e4
      0000D7 88               [ 1]  307 	push	a
      0000D8 F6               [ 1]  308 	ld	a, (x)
      0000D9 6B 02            [ 1]  309 	ld	(0x02, sp), a
      0000DB 84               [ 1]  310 	pop	a
                                    311 ;	libs/stm8l_tim4.c: 436: if (NewState != DISABLE)
      0000DC 0D 04            [ 1]  312 	tnz	(0x04, sp)
      0000DE 27 07            [ 1]  313 	jreq	00102$
                                    314 ;	libs/stm8l_tim4.c: 439: TIM4->IER |= (uint8_t)TIM4_IT;
      0000E0 1A 01            [ 1]  315 	or	a, (0x01, sp)
      0000E2 C7 52 E4         [ 1]  316 	ld	0x52e4, a
      0000E5 20 06            [ 2]  317 	jra	00104$
      0000E7                        318 00102$:
                                    319 ;	libs/stm8l_tim4.c: 444: TIM4->IER &= (uint8_t)(~(uint8_t)TIM4_IT);
      0000E7 43               [ 1]  320 	cpl	a
      0000E8 14 01            [ 1]  321 	and	a, (0x01, sp)
      0000EA C7 52 E4         [ 1]  322 	ld	0x52e4, a
      0000ED                        323 00104$:
                                    324 ;	libs/stm8l_tim4.c: 446: }
      0000ED 84               [ 1]  325 	pop	a
      0000EE 85               [ 2]  326 	popw	x
      0000EF 84               [ 1]  327 	pop	a
      0000F0 FC               [ 2]  328 	jp	(x)
                                    329 ;	libs/stm8l_tim4.c: 456: void TIM4_GenerateEvent(TIM4_EventSource_TypeDef TIM4_EventSource)
                                    330 ;	-----------------------------------------
                                    331 ;	 function TIM4_GenerateEvent
                                    332 ;	-----------------------------------------
      0000F1                        333 _TIM4_GenerateEvent:
      0000F1 88               [ 1]  334 	push	a
      0000F2 6B 01            [ 1]  335 	ld	(0x01, sp), a
                                    336 ;	libs/stm8l_tim4.c: 462: TIM4->EGR |= (uint8_t)TIM4_EventSource;
      0000F4 C6 52 E6         [ 1]  337 	ld	a, 0x52e6
      0000F7 1A 01            [ 1]  338 	or	a, (0x01, sp)
      0000F9 C7 52 E6         [ 1]  339 	ld	0x52e6, a
                                    340 ;	libs/stm8l_tim4.c: 463: }
      0000FC 84               [ 1]  341 	pop	a
      0000FD 81               [ 4]  342 	ret
                                    343 ;	libs/stm8l_tim4.c: 474: FlagStatus TIM4_GetFlagStatus(TIM4_FLAG_TypeDef TIM4_FLAG)
                                    344 ;	-----------------------------------------
                                    345 ;	 function TIM4_GetFlagStatus
                                    346 ;	-----------------------------------------
      0000FE                        347 _TIM4_GetFlagStatus:
      0000FE 88               [ 1]  348 	push	a
      0000FF 6B 01            [ 1]  349 	ld	(0x01, sp), a
                                    350 ;	libs/stm8l_tim4.c: 481: if ((TIM4->SR1 & (uint8_t)TIM4_FLAG)  != 0)
      000101 C6 52 E5         [ 1]  351 	ld	a, 0x52e5
      000104 14 01            [ 1]  352 	and	a, (0x01, sp)
      000106 27 03            [ 1]  353 	jreq	00102$
                                    354 ;	libs/stm8l_tim4.c: 483: bitstatus = SET;
      000108 A6 01            [ 1]  355 	ld	a, #0x01
                                    356 ;	libs/stm8l_tim4.c: 487: bitstatus = RESET;
      00010A 21                     357 	.byte 0x21
      00010B                        358 00102$:
      00010B 4F               [ 1]  359 	clr	a
      00010C                        360 00103$:
                                    361 ;	libs/stm8l_tim4.c: 489: return ((FlagStatus)bitstatus);
                                    362 ;	libs/stm8l_tim4.c: 490: }
      00010C 5B 01            [ 2]  363 	addw	sp, #1
      00010E 81               [ 4]  364 	ret
                                    365 ;	libs/stm8l_tim4.c: 500: void TIM4_ClearFlag(TIM4_FLAG_TypeDef TIM4_FLAG)
                                    366 ;	-----------------------------------------
                                    367 ;	 function TIM4_ClearFlag
                                    368 ;	-----------------------------------------
      00010F                        369 _TIM4_ClearFlag:
                                    370 ;	libs/stm8l_tim4.c: 505: TIM4->SR1 = (uint8_t)(~((uint8_t)TIM4_FLAG));
      00010F 43               [ 1]  371 	cpl	a
      000110 C7 52 E5         [ 1]  372 	ld	0x52e5, a
                                    373 ;	libs/stm8l_tim4.c: 506: }
      000113 81               [ 4]  374 	ret
                                    375 ;	libs/stm8l_tim4.c: 518: ITStatus TIM4_GetITStatus(TIM4_IT_TypeDef TIM4_IT)
                                    376 ;	-----------------------------------------
                                    377 ;	 function TIM4_GetITStatus
                                    378 ;	-----------------------------------------
      000114                        379 _TIM4_GetITStatus:
      000114 52 02            [ 2]  380 	sub	sp, #2
      000116 6B 02            [ 1]  381 	ld	(0x02, sp), a
                                    382 ;	libs/stm8l_tim4.c: 527: itStatus = (uint8_t)(TIM4->SR1 & (uint8_t)TIM4_IT);
      000118 C6 52 E5         [ 1]  383 	ld	a, 0x52e5
      00011B 14 02            [ 1]  384 	and	a, (0x02, sp)
      00011D 6B 01            [ 1]  385 	ld	(0x01, sp), a
                                    386 ;	libs/stm8l_tim4.c: 529: itEnable = (uint8_t)(TIM4->IER & (uint8_t)TIM4_IT);
      00011F C6 52 E4         [ 1]  387 	ld	a, 0x52e4
      000122 14 02            [ 1]  388 	and	a, (0x02, sp)
                                    389 ;	libs/stm8l_tim4.c: 531: if ((itStatus != (uint8_t)RESET ) && (itEnable != (uint8_t)RESET ))
      000124 0D 01            [ 1]  390 	tnz	(0x01, sp)
      000126 27 06            [ 1]  391 	jreq	00102$
      000128 4D               [ 1]  392 	tnz	a
      000129 27 03            [ 1]  393 	jreq	00102$
                                    394 ;	libs/stm8l_tim4.c: 533: bitstatus = (ITStatus)SET;
      00012B A6 01            [ 1]  395 	ld	a, #0x01
                                    396 ;	libs/stm8l_tim4.c: 537: bitstatus = (ITStatus)RESET;
      00012D 21                     397 	.byte 0x21
      00012E                        398 00102$:
      00012E 4F               [ 1]  399 	clr	a
      00012F                        400 00103$:
                                    401 ;	libs/stm8l_tim4.c: 539: return ((ITStatus)bitstatus);
                                    402 ;	libs/stm8l_tim4.c: 540: }
      00012F 5B 02            [ 2]  403 	addw	sp, #2
      000131 81               [ 4]  404 	ret
                                    405 ;	libs/stm8l_tim4.c: 550: void TIM4_ClearITPendingBit(TIM4_IT_TypeDef TIM4_IT)
                                    406 ;	-----------------------------------------
                                    407 ;	 function TIM4_ClearITPendingBit
                                    408 ;	-----------------------------------------
      000132                        409 _TIM4_ClearITPendingBit:
                                    410 ;	libs/stm8l_tim4.c: 556: TIM4->SR1 = (uint8_t)(~(uint8_t)TIM4_IT);
      000132 43               [ 1]  411 	cpl	a
      000133 C7 52 E5         [ 1]  412 	ld	0x52e5, a
                                    413 ;	libs/stm8l_tim4.c: 557: }
      000136 81               [ 4]  414 	ret
                                    415 ;	libs/stm8l_tim4.c: 568: void TIM4_DMACmd( TIM4_DMASource_TypeDef TIM4_DMASource, FunctionalState NewState)
                                    416 ;	-----------------------------------------
                                    417 ;	 function TIM4_DMACmd
                                    418 ;	-----------------------------------------
      000137                        419 _TIM4_DMACmd:
      000137 88               [ 1]  420 	push	a
                                    421 ;	libs/stm8l_tim4.c: 577: TIM4->DER |= (uint8_t)TIM4_DMASource;
      000138 AE 52 E3         [ 2]  422 	ldw	x, #0x52e3
      00013B 88               [ 1]  423 	push	a
      00013C F6               [ 1]  424 	ld	a, (x)
      00013D 6B 02            [ 1]  425 	ld	(0x02, sp), a
      00013F 84               [ 1]  426 	pop	a
                                    427 ;	libs/stm8l_tim4.c: 574: if (NewState != DISABLE)
      000140 0D 04            [ 1]  428 	tnz	(0x04, sp)
      000142 27 07            [ 1]  429 	jreq	00102$
                                    430 ;	libs/stm8l_tim4.c: 577: TIM4->DER |= (uint8_t)TIM4_DMASource;
      000144 1A 01            [ 1]  431 	or	a, (0x01, sp)
      000146 C7 52 E3         [ 1]  432 	ld	0x52e3, a
      000149 20 06            [ 2]  433 	jra	00104$
      00014B                        434 00102$:
                                    435 ;	libs/stm8l_tim4.c: 582: TIM4->DER &= (uint8_t)~TIM4_DMASource;
      00014B 43               [ 1]  436 	cpl	a
      00014C 14 01            [ 1]  437 	and	a, (0x01, sp)
      00014E C7 52 E3         [ 1]  438 	ld	0x52e3, a
      000151                        439 00104$:
                                    440 ;	libs/stm8l_tim4.c: 584: }
      000151 84               [ 1]  441 	pop	a
      000152 85               [ 2]  442 	popw	x
      000153 84               [ 1]  443 	pop	a
      000154 FC               [ 2]  444 	jp	(x)
                                    445 ;	libs/stm8l_tim4.c: 607: void TIM4_InternalClockConfig(void)
                                    446 ;	-----------------------------------------
                                    447 ;	 function TIM4_InternalClockConfig
                                    448 ;	-----------------------------------------
      000155                        449 _TIM4_InternalClockConfig:
                                    450 ;	libs/stm8l_tim4.c: 610: TIM4->SMCR &=  (uint8_t)(~TIM4_SMCR_SMS);
      000155 C6 52 E2         [ 1]  451 	ld	a, 0x52e2
      000158 A4 F8            [ 1]  452 	and	a, #0xf8
      00015A C7 52 E2         [ 1]  453 	ld	0x52e2, a
                                    454 ;	libs/stm8l_tim4.c: 611: }
      00015D 81               [ 4]  455 	ret
                                    456 ;	libs/stm8l_tim4.c: 651: void TIM4_SelectInputTrigger(TIM4_TRGSelection_TypeDef TIM4_InputTriggerSource)
                                    457 ;	-----------------------------------------
                                    458 ;	 function TIM4_SelectInputTrigger
                                    459 ;	-----------------------------------------
      00015E                        460 _TIM4_SelectInputTrigger:
      00015E 88               [ 1]  461 	push	a
      00015F 6B 01            [ 1]  462 	ld	(0x01, sp), a
                                    463 ;	libs/stm8l_tim4.c: 658: tmpsmcr = TIM4->SMCR;
      000161 C6 52 E2         [ 1]  464 	ld	a, 0x52e2
                                    465 ;	libs/stm8l_tim4.c: 661: tmpsmcr &= (uint8_t)(~TIM4_SMCR_TS);
      000164 A4 8F            [ 1]  466 	and	a, #0x8f
                                    467 ;	libs/stm8l_tim4.c: 662: tmpsmcr |= (uint8_t)TIM4_InputTriggerSource;
      000166 1A 01            [ 1]  468 	or	a, (0x01, sp)
                                    469 ;	libs/stm8l_tim4.c: 664: TIM4->SMCR = (uint8_t)tmpsmcr;
      000168 C7 52 E2         [ 1]  470 	ld	0x52e2, a
                                    471 ;	libs/stm8l_tim4.c: 665: }
      00016B 84               [ 1]  472 	pop	a
      00016C 81               [ 4]  473 	ret
                                    474 ;	libs/stm8l_tim4.c: 676: void TIM4_SelectOutputTrigger(TIM4_TRGOSource_TypeDef TIM4_TRGOSource)
                                    475 ;	-----------------------------------------
                                    476 ;	 function TIM4_SelectOutputTrigger
                                    477 ;	-----------------------------------------
      00016D                        478 _TIM4_SelectOutputTrigger:
      00016D 88               [ 1]  479 	push	a
      00016E 6B 01            [ 1]  480 	ld	(0x01, sp), a
                                    481 ;	libs/stm8l_tim4.c: 683: tmpcr2 = TIM4->CR2;
      000170 C6 52 E1         [ 1]  482 	ld	a, 0x52e1
                                    483 ;	libs/stm8l_tim4.c: 686: tmpcr2 &= (uint8_t)(~TIM4_CR2_MMS);
      000173 A4 8F            [ 1]  484 	and	a, #0x8f
                                    485 ;	libs/stm8l_tim4.c: 689: tmpcr2 |=  (uint8_t)TIM4_TRGOSource;
      000175 1A 01            [ 1]  486 	or	a, (0x01, sp)
                                    487 ;	libs/stm8l_tim4.c: 691: TIM4->CR2 = tmpcr2;
      000177 C7 52 E1         [ 1]  488 	ld	0x52e1, a
                                    489 ;	libs/stm8l_tim4.c: 692: }
      00017A 84               [ 1]  490 	pop	a
      00017B 81               [ 4]  491 	ret
                                    492 ;	libs/stm8l_tim4.c: 706: void TIM4_SelectSlaveMode(TIM4_SlaveMode_TypeDef TIM4_SlaveMode)
                                    493 ;	-----------------------------------------
                                    494 ;	 function TIM4_SelectSlaveMode
                                    495 ;	-----------------------------------------
      00017C                        496 _TIM4_SelectSlaveMode:
      00017C 88               [ 1]  497 	push	a
      00017D 6B 01            [ 1]  498 	ld	(0x01, sp), a
                                    499 ;	libs/stm8l_tim4.c: 713: tmpsmcr = TIM4->SMCR;
      00017F C6 52 E2         [ 1]  500 	ld	a, 0x52e2
                                    501 ;	libs/stm8l_tim4.c: 716: tmpsmcr &= (uint8_t)(~TIM4_SMCR_SMS);
      000182 A4 F8            [ 1]  502 	and	a, #0xf8
                                    503 ;	libs/stm8l_tim4.c: 719: tmpsmcr |= (uint8_t)TIM4_SlaveMode;
      000184 1A 01            [ 1]  504 	or	a, (0x01, sp)
                                    505 ;	libs/stm8l_tim4.c: 721: TIM4->SMCR = tmpsmcr;
      000186 C7 52 E2         [ 1]  506 	ld	0x52e2, a
                                    507 ;	libs/stm8l_tim4.c: 722: }
      000189 84               [ 1]  508 	pop	a
      00018A 81               [ 4]  509 	ret
                                    510 ;	libs/stm8l_tim4.c: 730: void TIM4_SelectMasterSlaveMode(FunctionalState NewState)
                                    511 ;	-----------------------------------------
                                    512 ;	 function TIM4_SelectMasterSlaveMode
                                    513 ;	-----------------------------------------
      00018B                        514 _TIM4_SelectMasterSlaveMode:
      00018B 88               [ 1]  515 	push	a
      00018C 6B 01            [ 1]  516 	ld	(0x01, sp), a
                                    517 ;	libs/stm8l_tim4.c: 738: TIM4->SMCR |= TIM4_SMCR_MSM;
      00018E C6 52 E2         [ 1]  518 	ld	a, 0x52e2
                                    519 ;	libs/stm8l_tim4.c: 736: if (NewState != DISABLE)
      000191 0D 01            [ 1]  520 	tnz	(0x01, sp)
      000193 27 07            [ 1]  521 	jreq	00102$
                                    522 ;	libs/stm8l_tim4.c: 738: TIM4->SMCR |= TIM4_SMCR_MSM;
      000195 AA 80            [ 1]  523 	or	a, #0x80
      000197 C7 52 E2         [ 1]  524 	ld	0x52e2, a
      00019A 20 05            [ 2]  525 	jra	00104$
      00019C                        526 00102$:
                                    527 ;	libs/stm8l_tim4.c: 742: TIM4->SMCR &= (uint8_t)(~TIM4_SMCR_MSM);
      00019C A4 7F            [ 1]  528 	and	a, #0x7f
      00019E C7 52 E2         [ 1]  529 	ld	0x52e2, a
      0001A1                        530 00104$:
                                    531 ;	libs/stm8l_tim4.c: 744: }
      0001A1 84               [ 1]  532 	pop	a
      0001A2 81               [ 4]  533 	ret
                                    534 	.area CODE
                                    535 	.area CONST
                                    536 	.area INITIALIZER
                                    537 	.area CABS (ABS)
