                                      1 ;--------------------------------------------------------
                                      2 ; File Created by SDCC : free open source ANSI-C Compiler
                                      3 ; Version 4.0.0 #11528 (Linux)
                                      4 ;--------------------------------------------------------
                                      5 	.module stm8l_gpio
                                      6 	.optsdcc -mstm8
                                      7 	
                                      8 ;--------------------------------------------------------
                                      9 ; Public variables in this module
                                     10 ;--------------------------------------------------------
                                     11 	.globl _GPIO_DeInit
                                     12 	.globl _GPIO_Init
                                     13 	.globl _GPIO_ExternalPullUpConfig
                                     14 	.globl _GPIO_Write
                                     15 	.globl _GPIO_WriteBit
                                     16 	.globl _GPIO_SetBits
                                     17 	.globl _GPIO_ResetBits
                                     18 	.globl _GPIO_ToggleBits
                                     19 	.globl _GPIO_ReadInputData
                                     20 	.globl _GPIO_ReadInputDataBit
                                     21 	.globl _GPIO_ReadOutputDataBit
                                     22 ;--------------------------------------------------------
                                     23 ; ram data
                                     24 ;--------------------------------------------------------
                                     25 	.area DATA
                                     26 ;--------------------------------------------------------
                                     27 ; ram data
                                     28 ;--------------------------------------------------------
                                     29 	.area INITIALIZED
                                     30 ;--------------------------------------------------------
                                     31 ; absolute external ram data
                                     32 ;--------------------------------------------------------
                                     33 	.area DABS (ABS)
                                     34 
                                     35 ; default segment ordering for linker
                                     36 	.area HOME
                                     37 	.area GSINIT
                                     38 	.area GSFINAL
                                     39 	.area CONST
                                     40 	.area INITIALIZER
                                     41 	.area CODE
                                     42 
                                     43 ;--------------------------------------------------------
                                     44 ; global & static initialisations
                                     45 ;--------------------------------------------------------
                                     46 	.area HOME
                                     47 	.area GSINIT
                                     48 	.area GSFINAL
                                     49 	.area GSINIT
                                     50 ;--------------------------------------------------------
                                     51 ; Home
                                     52 ;--------------------------------------------------------
                                     53 	.area HOME
                                     54 	.area HOME
                                     55 ;--------------------------------------------------------
                                     56 ; code
                                     57 ;--------------------------------------------------------
                                     58 	.area CODE
                                     59 ;	libs/stm8l_gpio.c: 3: void GPIO_DeInit(GPIO_TypeDef* GPIOx)
                                     60 ;	-----------------------------------------
                                     61 ;	 function GPIO_DeInit
                                     62 ;	-----------------------------------------
      000000                         63 _GPIO_DeInit:
                                     64 ;	libs/stm8l_gpio.c: 5: GPIOx->CR2 = GPIO_CR2_RESET_VALUE; /* Reset Control Register 2 */
      000000 16 03            [ 2]   65 	ldw	y, (0x03, sp)
      000002 93               [ 1]   66 	ldw	x, y
      000003 6F 04            [ 1]   67 	clr	(0x0004, x)
                                     68 ;	libs/stm8l_gpio.c: 6: GPIOx->ODR = GPIO_ODR_RESET_VALUE; /* Reset Output Data Register */
      000005 90 7F            [ 1]   69 	clr	(y)
                                     70 ;	libs/stm8l_gpio.c: 7: GPIOx->DDR = GPIO_DDR_RESET_VALUE; /* Reset Data Direction Register */
      000007 93               [ 1]   71 	ldw	x, y
      000008 5C               [ 1]   72 	incw	x
      000009 5C               [ 1]   73 	incw	x
      00000A 7F               [ 1]   74 	clr	(x)
                                     75 ;	libs/stm8l_gpio.c: 8: GPIOx->CR1 = GPIO_CR1_RESET_VALUE; /* Reset Control Register 1 */
      00000B 93               [ 1]   76 	ldw	x, y
      00000C 6F 03            [ 1]   77 	clr	(0x0003, x)
                                     78 ;	libs/stm8l_gpio.c: 9: }
      00000E 81               [ 4]   79 	ret
                                     80 ;	libs/stm8l_gpio.c: 12: void GPIO_Init(GPIO_TypeDef* GPIOx, uint8_t GPIO_Pin, GPIO_Mode_TypeDef GPIO_Mode)
                                     81 ;	-----------------------------------------
                                     82 ;	 function GPIO_Init
                                     83 ;	-----------------------------------------
      00000F                         84 _GPIO_Init:
      00000F 52 05            [ 2]   85 	sub	sp, #5
                                     86 ;	libs/stm8l_gpio.c: 22: GPIOx->CR2 &= (uint8_t)(~(GPIO_Pin));
      000011 16 08            [ 2]   87 	ldw	y, (0x08, sp)
      000013 93               [ 1]   88 	ldw	x, y
      000014 1C 00 04         [ 2]   89 	addw	x, #0x0004
      000017 1F 01            [ 2]   90 	ldw	(0x01, sp), x
      000019 F6               [ 1]   91 	ld	a, (x)
      00001A 88               [ 1]   92 	push	a
      00001B 7B 0B            [ 1]   93 	ld	a, (0x0b, sp)
      00001D 43               [ 1]   94 	cpl	a
      00001E 6B 04            [ 1]   95 	ld	(0x04, sp), a
      000020 84               [ 1]   96 	pop	a
      000021 14 03            [ 1]   97 	and	a, (0x03, sp)
      000023 1E 01            [ 2]   98 	ldw	x, (0x01, sp)
      000025 F7               [ 1]   99 	ld	(x), a
                                    100 ;	libs/stm8l_gpio.c: 38: GPIOx->DDR |= GPIO_Pin;
      000026 93               [ 1]  101 	ldw	x, y
      000027 5C               [ 1]  102 	incw	x
      000028 5C               [ 1]  103 	incw	x
      000029 1F 04            [ 2]  104 	ldw	(0x04, sp), x
                                    105 ;	libs/stm8l_gpio.c: 28: if ((((uint8_t)(GPIO_Mode)) & (uint8_t)0x80) != (uint8_t)0x00) /* Output mode */
      00002B 0D 0B            [ 1]  106 	tnz	(0x0b, sp)
      00002D 2A 1E            [ 1]  107 	jrpl	00105$
                                    108 ;	libs/stm8l_gpio.c: 32: GPIOx->ODR |= GPIO_Pin;
      00002F 90 F6            [ 1]  109 	ld	a, (y)
                                    110 ;	libs/stm8l_gpio.c: 30: if ((((uint8_t)(GPIO_Mode)) & (uint8_t)0x10) != (uint8_t)0x00) /* High level */
      000031 88               [ 1]  111 	push	a
      000032 7B 0C            [ 1]  112 	ld	a, (0x0c, sp)
      000034 A5 10            [ 1]  113 	bcp	a, #0x10
      000036 84               [ 1]  114 	pop	a
      000037 27 06            [ 1]  115 	jreq	00102$
                                    116 ;	libs/stm8l_gpio.c: 32: GPIOx->ODR |= GPIO_Pin;
      000039 1A 0A            [ 1]  117 	or	a, (0x0a, sp)
      00003B 90 F7            [ 1]  118 	ld	(y), a
      00003D 20 04            [ 2]  119 	jra	00103$
      00003F                        120 00102$:
                                    121 ;	libs/stm8l_gpio.c: 35: GPIOx->ODR &= (uint8_t)(~(GPIO_Pin));
      00003F 14 03            [ 1]  122 	and	a, (0x03, sp)
      000041 90 F7            [ 1]  123 	ld	(y), a
      000043                        124 00103$:
                                    125 ;	libs/stm8l_gpio.c: 38: GPIOx->DDR |= GPIO_Pin;
      000043 1E 04            [ 2]  126 	ldw	x, (0x04, sp)
      000045 F6               [ 1]  127 	ld	a, (x)
      000046 1A 0A            [ 1]  128 	or	a, (0x0a, sp)
      000048 1E 04            [ 2]  129 	ldw	x, (0x04, sp)
      00004A F7               [ 1]  130 	ld	(x), a
      00004B 20 08            [ 2]  131 	jra	00106$
      00004D                        132 00105$:
                                    133 ;	libs/stm8l_gpio.c: 42: GPIOx->DDR &= (uint8_t)(~(GPIO_Pin));
      00004D 1E 04            [ 2]  134 	ldw	x, (0x04, sp)
      00004F F6               [ 1]  135 	ld	a, (x)
      000050 14 03            [ 1]  136 	and	a, (0x03, sp)
      000052 1E 04            [ 2]  137 	ldw	x, (0x04, sp)
      000054 F7               [ 1]  138 	ld	(x), a
      000055                        139 00106$:
                                    140 ;	libs/stm8l_gpio.c: 51: GPIOx->CR1 |= GPIO_Pin;
      000055 93               [ 1]  141 	ldw	x, y
      000056 1C 00 03         [ 2]  142 	addw	x, #0x0003
      000059 F6               [ 1]  143 	ld	a, (x)
                                    144 ;	libs/stm8l_gpio.c: 49: if ((((uint8_t)(GPIO_Mode)) & (uint8_t)0x40) != (uint8_t)0x00) /* Pull-Up or Push-Pull */
      00005A 88               [ 1]  145 	push	a
      00005B 7B 0C            [ 1]  146 	ld	a, (0x0c, sp)
      00005D A5 40            [ 1]  147 	bcp	a, #0x40
      00005F 84               [ 1]  148 	pop	a
      000060 27 05            [ 1]  149 	jreq	00108$
                                    150 ;	libs/stm8l_gpio.c: 51: GPIOx->CR1 |= GPIO_Pin;
      000062 1A 0A            [ 1]  151 	or	a, (0x0a, sp)
      000064 F7               [ 1]  152 	ld	(x), a
      000065 20 03            [ 2]  153 	jra	00109$
      000067                        154 00108$:
                                    155 ;	libs/stm8l_gpio.c: 54: GPIOx->CR1 &= (uint8_t)(~(GPIO_Pin));
      000067 14 03            [ 1]  156 	and	a, (0x03, sp)
      000069 F7               [ 1]  157 	ld	(x), a
      00006A                        158 00109$:
                                    159 ;	libs/stm8l_gpio.c: 22: GPIOx->CR2 &= (uint8_t)(~(GPIO_Pin));
      00006A 1E 01            [ 2]  160 	ldw	x, (0x01, sp)
      00006C F6               [ 1]  161 	ld	a, (x)
                                    162 ;	libs/stm8l_gpio.c: 61: if ((((uint8_t)(GPIO_Mode)) & (uint8_t)0x20) != (uint8_t)0x00) /* Interrupt or Slow slope */
      00006D 88               [ 1]  163 	push	a
      00006E 7B 0C            [ 1]  164 	ld	a, (0x0c, sp)
      000070 A5 20            [ 1]  165 	bcp	a, #0x20
      000072 84               [ 1]  166 	pop	a
      000073 27 07            [ 1]  167 	jreq	00111$
                                    168 ;	libs/stm8l_gpio.c: 63: GPIOx->CR2 |= GPIO_Pin;
      000075 1A 0A            [ 1]  169 	or	a, (0x0a, sp)
      000077 1E 01            [ 2]  170 	ldw	x, (0x01, sp)
      000079 F7               [ 1]  171 	ld	(x), a
      00007A 20 05            [ 2]  172 	jra	00113$
      00007C                        173 00111$:
                                    174 ;	libs/stm8l_gpio.c: 66: GPIOx->CR2 &= (uint8_t)(~(GPIO_Pin));
      00007C 14 03            [ 1]  175 	and	a, (0x03, sp)
      00007E 1E 01            [ 2]  176 	ldw	x, (0x01, sp)
      000080 F7               [ 1]  177 	ld	(x), a
      000081                        178 00113$:
                                    179 ;	libs/stm8l_gpio.c: 69: }
      000081 5B 05            [ 2]  180 	addw	sp, #5
      000083 81               [ 4]  181 	ret
                                    182 ;	libs/stm8l_gpio.c: 71: void GPIO_ExternalPullUpConfig(GPIO_TypeDef* GPIOx, uint8_t GPIO_Pin, FunctionalState NewState)
                                    183 ;	-----------------------------------------
                                    184 ;	 function GPIO_ExternalPullUpConfig
                                    185 ;	-----------------------------------------
      000084                        186 _GPIO_ExternalPullUpConfig:
      000084 88               [ 1]  187 	push	a
                                    188 ;	libs/stm8l_gpio.c: 79: GPIOx->CR1 |= GPIO_Pin;
      000085 1E 04            [ 2]  189 	ldw	x, (0x04, sp)
      000087 1C 00 03         [ 2]  190 	addw	x, #0x0003
      00008A F6               [ 1]  191 	ld	a, (x)
                                    192 ;	libs/stm8l_gpio.c: 77: if (NewState != DISABLE) /* External Pull-Up Set*/
      00008B 0D 07            [ 1]  193 	tnz	(0x07, sp)
      00008D 27 05            [ 1]  194 	jreq	00102$
                                    195 ;	libs/stm8l_gpio.c: 79: GPIOx->CR1 |= GPIO_Pin;
      00008F 1A 06            [ 1]  196 	or	a, (0x06, sp)
      000091 F7               [ 1]  197 	ld	(x), a
      000092 20 0A            [ 2]  198 	jra	00104$
      000094                        199 00102$:
                                    200 ;	libs/stm8l_gpio.c: 82: GPIOx->CR1 &= (uint8_t)(~(GPIO_Pin));
      000094 88               [ 1]  201 	push	a
      000095 7B 07            [ 1]  202 	ld	a, (0x07, sp)
      000097 43               [ 1]  203 	cpl	a
      000098 6B 02            [ 1]  204 	ld	(0x02, sp), a
      00009A 84               [ 1]  205 	pop	a
      00009B 14 01            [ 1]  206 	and	a, (0x01, sp)
      00009D F7               [ 1]  207 	ld	(x), a
      00009E                        208 00104$:
                                    209 ;	libs/stm8l_gpio.c: 84: }
      00009E 84               [ 1]  210 	pop	a
      00009F 81               [ 4]  211 	ret
                                    212 ;	libs/stm8l_gpio.c: 87: void GPIO_Write(GPIO_TypeDef* GPIOx, uint8_t GPIO_PortVal)
                                    213 ;	-----------------------------------------
                                    214 ;	 function GPIO_Write
                                    215 ;	-----------------------------------------
      0000A0                        216 _GPIO_Write:
                                    217 ;	libs/stm8l_gpio.c: 89: GPIOx->ODR = GPIO_PortVal;
      0000A0 1E 03            [ 2]  218 	ldw	x, (0x03, sp)
      0000A2 7B 05            [ 1]  219 	ld	a, (0x05, sp)
      0000A4 F7               [ 1]  220 	ld	(x), a
                                    221 ;	libs/stm8l_gpio.c: 90: }
      0000A5 81               [ 4]  222 	ret
                                    223 ;	libs/stm8l_gpio.c: 92: void GPIO_WriteBit(GPIO_TypeDef* GPIOx, GPIO_Pin_TypeDef GPIO_Pin, BitAction GPIO_BitVal)
                                    224 ;	-----------------------------------------
                                    225 ;	 function GPIO_WriteBit
                                    226 ;	-----------------------------------------
      0000A6                        227 _GPIO_WriteBit:
      0000A6 88               [ 1]  228 	push	a
                                    229 ;	libs/stm8l_gpio.c: 100: GPIOx->ODR |= GPIO_Pin;
      0000A7 1E 04            [ 2]  230 	ldw	x, (0x04, sp)
      0000A9 F6               [ 1]  231 	ld	a, (x)
                                    232 ;	libs/stm8l_gpio.c: 98: if (GPIO_BitVal != RESET)
      0000AA 0D 07            [ 1]  233 	tnz	(0x07, sp)
      0000AC 27 05            [ 1]  234 	jreq	00102$
                                    235 ;	libs/stm8l_gpio.c: 100: GPIOx->ODR |= GPIO_Pin;
      0000AE 1A 06            [ 1]  236 	or	a, (0x06, sp)
      0000B0 F7               [ 1]  237 	ld	(x), a
      0000B1 20 0A            [ 2]  238 	jra	00104$
      0000B3                        239 00102$:
                                    240 ;	libs/stm8l_gpio.c: 105: GPIOx->ODR &= (uint8_t)(~GPIO_Pin);
      0000B3 88               [ 1]  241 	push	a
      0000B4 7B 07            [ 1]  242 	ld	a, (0x07, sp)
      0000B6 43               [ 1]  243 	cpl	a
      0000B7 6B 02            [ 1]  244 	ld	(0x02, sp), a
      0000B9 84               [ 1]  245 	pop	a
      0000BA 14 01            [ 1]  246 	and	a, (0x01, sp)
      0000BC F7               [ 1]  247 	ld	(x), a
      0000BD                        248 00104$:
                                    249 ;	libs/stm8l_gpio.c: 107: }
      0000BD 84               [ 1]  250 	pop	a
      0000BE 81               [ 4]  251 	ret
                                    252 ;	libs/stm8l_gpio.c: 109: void GPIO_SetBits(GPIO_TypeDef* GPIOx, uint8_t GPIO_Pin)
                                    253 ;	-----------------------------------------
                                    254 ;	 function GPIO_SetBits
                                    255 ;	-----------------------------------------
      0000BF                        256 _GPIO_SetBits:
                                    257 ;	libs/stm8l_gpio.c: 111: GPIOx->ODR |= GPIO_Pin;
      0000BF 1E 03            [ 2]  258 	ldw	x, (0x03, sp)
      0000C1 F6               [ 1]  259 	ld	a, (x)
      0000C2 1A 05            [ 1]  260 	or	a, (0x05, sp)
      0000C4 F7               [ 1]  261 	ld	(x), a
                                    262 ;	libs/stm8l_gpio.c: 112: }
      0000C5 81               [ 4]  263 	ret
                                    264 ;	libs/stm8l_gpio.c: 114: void GPIO_ResetBits(GPIO_TypeDef* GPIOx, uint8_t GPIO_Pin)
                                    265 ;	-----------------------------------------
                                    266 ;	 function GPIO_ResetBits
                                    267 ;	-----------------------------------------
      0000C6                        268 _GPIO_ResetBits:
      0000C6 88               [ 1]  269 	push	a
                                    270 ;	libs/stm8l_gpio.c: 116: GPIOx->ODR &= (uint8_t)(~GPIO_Pin);
      0000C7 1E 04            [ 2]  271 	ldw	x, (0x04, sp)
      0000C9 F6               [ 1]  272 	ld	a, (x)
      0000CA 6B 01            [ 1]  273 	ld	(0x01, sp), a
      0000CC 7B 06            [ 1]  274 	ld	a, (0x06, sp)
      0000CE 43               [ 1]  275 	cpl	a
      0000CF 14 01            [ 1]  276 	and	a, (0x01, sp)
      0000D1 F7               [ 1]  277 	ld	(x), a
                                    278 ;	libs/stm8l_gpio.c: 117: }
      0000D2 84               [ 1]  279 	pop	a
      0000D3 81               [ 4]  280 	ret
                                    281 ;	libs/stm8l_gpio.c: 119: void GPIO_ToggleBits(GPIO_TypeDef* GPIOx, uint8_t GPIO_Pin)
                                    282 ;	-----------------------------------------
                                    283 ;	 function GPIO_ToggleBits
                                    284 ;	-----------------------------------------
      0000D4                        285 _GPIO_ToggleBits:
                                    286 ;	libs/stm8l_gpio.c: 121: GPIOx->ODR ^= GPIO_Pin;
      0000D4 1E 03            [ 2]  287 	ldw	x, (0x03, sp)
      0000D6 F6               [ 1]  288 	ld	a, (x)
      0000D7 18 05            [ 1]  289 	xor	a, (0x05, sp)
      0000D9 F7               [ 1]  290 	ld	(x), a
                                    291 ;	libs/stm8l_gpio.c: 122: }
      0000DA 81               [ 4]  292 	ret
                                    293 ;	libs/stm8l_gpio.c: 124: uint8_t GPIO_ReadInputData(GPIO_TypeDef* GPIOx)
                                    294 ;	-----------------------------------------
                                    295 ;	 function GPIO_ReadInputData
                                    296 ;	-----------------------------------------
      0000DB                        297 _GPIO_ReadInputData:
                                    298 ;	libs/stm8l_gpio.c: 126: return ((uint8_t)GPIOx->IDR);
      0000DB 1E 03            [ 2]  299 	ldw	x, (0x03, sp)
      0000DD E6 01            [ 1]  300 	ld	a, (0x1, x)
                                    301 ;	libs/stm8l_gpio.c: 127: }
      0000DF 81               [ 4]  302 	ret
                                    303 ;	libs/stm8l_gpio.c: 129: BitStatus GPIO_ReadInputDataBit(GPIO_TypeDef* GPIOx, GPIO_Pin_TypeDef GPIO_Pin)
                                    304 ;	-----------------------------------------
                                    305 ;	 function GPIO_ReadInputDataBit
                                    306 ;	-----------------------------------------
      0000E0                        307 _GPIO_ReadInputDataBit:
                                    308 ;	libs/stm8l_gpio.c: 131: return ((BitStatus)(GPIOx->IDR & (uint8_t)GPIO_Pin));
      0000E0 1E 03            [ 2]  309 	ldw	x, (0x03, sp)
      0000E2 E6 01            [ 1]  310 	ld	a, (0x1, x)
      0000E4 14 05            [ 1]  311 	and	a, (0x05, sp)
                                    312 ;	libs/stm8l_gpio.c: 132: }
      0000E6 81               [ 4]  313 	ret
                                    314 ;	libs/stm8l_gpio.c: 134: BitStatus GPIO_ReadOutputDataBit(GPIO_TypeDef* GPIOx, GPIO_Pin_TypeDef GPIO_Pin)
                                    315 ;	-----------------------------------------
                                    316 ;	 function GPIO_ReadOutputDataBit
                                    317 ;	-----------------------------------------
      0000E7                        318 _GPIO_ReadOutputDataBit:
                                    319 ;	libs/stm8l_gpio.c: 136: return ((BitStatus)(GPIOx->ODR & (uint8_t)GPIO_Pin));
      0000E7 1E 03            [ 2]  320 	ldw	x, (0x03, sp)
      0000E9 F6               [ 1]  321 	ld	a, (x)
      0000EA 14 05            [ 1]  322 	and	a, (0x05, sp)
                                    323 ;	libs/stm8l_gpio.c: 137: }
      0000EC 81               [ 4]  324 	ret
                                    325 	.area CODE
                                    326 	.area CONST
                                    327 	.area INITIALIZER
                                    328 	.area CABS (ABS)
